0 info it worked if it ends with ok
1 verbose cli [ 'node', '/usr/local/bin/npm', 'install', '-g', 'firebase-tools' ]
2 info using npm@1.4.9
3 info using node@v0.10.28
4 verbose cache add [ 'firebase-tools', null ]
5 verbose cache add name=undefined spec="firebase-tools" args=["firebase-tools",null]
6 verbose parsed url { protocol: null,
6 verbose parsed url   slashes: null,
6 verbose parsed url   auth: null,
6 verbose parsed url   host: null,
6 verbose parsed url   port: null,
6 verbose parsed url   hostname: null,
6 verbose parsed url   hash: null,
6 verbose parsed url   search: null,
6 verbose parsed url   query: null,
6 verbose parsed url   pathname: 'firebase-tools',
6 verbose parsed url   path: 'firebase-tools',
6 verbose parsed url   href: 'firebase-tools' }
7 silly lockFile 3fa4b23e-firebase-tools firebase-tools
8 verbose lock firebase-tools /Users/katherinemattison/.npm/3fa4b23e-firebase-tools.lock
9 silly lockFile 3fa4b23e-firebase-tools firebase-tools
10 silly lockFile 3fa4b23e-firebase-tools firebase-tools
11 verbose addNamed [ 'firebase-tools', '' ]
12 verbose addNamed [ null, '*' ]
13 silly lockFile 59c4bcc4-firebase-tools firebase-tools@
14 verbose lock firebase-tools@ /Users/katherinemattison/.npm/59c4bcc4-firebase-tools.lock
15 silly addNameRange { name: 'firebase-tools', range: '*', hasData: false }
16 verbose url raw firebase-tools
17 verbose url resolving [ 'https://registry.npmjs.org/', './firebase-tools' ]
18 verbose url resolved https://registry.npmjs.org/firebase-tools
19 info trying registry request attempt 1 at 10:12:49
20 http GET https://registry.npmjs.org/firebase-tools
21 http 200 https://registry.npmjs.org/firebase-tools
22 silly registry.get cb [ 200,
22 silly registry.get   { date: 'Mon, 02 Jun 2014 14:12:50 GMT',
22 silly registry.get     server: 'CouchDB/1.5.0 (Erlang OTP/R14B04)',
22 silly registry.get     etag: '"163F7Z82T54CMQHYOMAD77HU3"',
22 silly registry.get     'content-type': 'application/json',
22 silly registry.get     'cache-control': 'max-age=1',
22 silly registry.get     'content-length': '27547',
22 silly registry.get     'accept-ranges': 'bytes',
22 silly registry.get     via: '1.1 varnish',
22 silly registry.get     age: '1661',
22 silly registry.get     'x-served-by': 'cache-v42-ASH',
22 silly registry.get     'x-cache': 'MISS',
22 silly registry.get     'x-cache-hits': '0',
22 silly registry.get     'x-timer': 'S1401718370.676046,VS0,VE93',
22 silly registry.get     vary: 'Accept',
22 silly registry.get     'keep-alive': 'timeout=10, max=50',
22 silly registry.get     connection: 'Keep-Alive' } ]
23 silly addNameRange number 2 { name: 'firebase-tools', range: '*', hasData: true }
24 silly addNameRange versions [ 'firebase-tools',
24 silly addNameRange   [ '0.0.1',
24 silly addNameRange     '0.0.2',
24 silly addNameRange     '0.0.3',
24 silly addNameRange     '0.0.4',
24 silly addNameRange     '0.0.5',
24 silly addNameRange     '0.0.6',
24 silly addNameRange     '0.1.0',
24 silly addNameRange     '0.1.1',
24 silly addNameRange     '0.1.2',
24 silly addNameRange     '0.1.3',
24 silly addNameRange     '0.1.4',
24 silly addNameRange     '0.1.5',
24 silly addNameRange     '0.1.6',
24 silly addNameRange     '0.2.0',
24 silly addNameRange     '0.3.0',
24 silly addNameRange     '0.4.0',
24 silly addNameRange     '0.5.0',
24 silly addNameRange     '1.0.0',
24 silly addNameRange     '1.0.1',
24 silly addNameRange     '1.0.2',
24 silly addNameRange     '1.0.3',
24 silly addNameRange     '1.0.4' ] ]
25 verbose addNamed [ 'firebase-tools', '1.0.4' ]
26 verbose addNamed [ '1.0.4', '1.0.4' ]
27 silly lockFile 6f739c22-firebase-tools-1-0-4 firebase-tools@1.0.4
28 verbose lock firebase-tools@1.0.4 /Users/katherinemattison/.npm/6f739c22-firebase-tools-1-0-4.lock
29 silly lockFile d352e380-e-tools-firebase-tools-1-0-4-tgz https://registry.npmjs.org/firebase-tools/-/firebase-tools-1.0.4.tgz
30 verbose lock https://registry.npmjs.org/firebase-tools/-/firebase-tools-1.0.4.tgz /Users/katherinemattison/.npm/d352e380-e-tools-firebase-tools-1-0-4-tgz.lock
31 verbose addRemoteTarball [ 'https://registry.npmjs.org/firebase-tools/-/firebase-tools-1.0.4.tgz',
31 verbose addRemoteTarball   '9c68dcfa67a1ff2c40ce5e95cd3eb74a215962fa' ]
32 info retry fetch attempt 1 at 10:12:50
33 verbose fetch to= /var/folders/n9/dh6c3fy97gb68lkxt0jk1kyw0000gn/T/npm-31656-j8Tr6XSV/1401718370892-0.7739800591953099/tmp.tgz
34 http GET https://registry.npmjs.org/firebase-tools/-/firebase-tools-1.0.4.tgz
35 http 200 https://registry.npmjs.org/firebase-tools/-/firebase-tools-1.0.4.tgz
36 verbose tar unpack /var/folders/n9/dh6c3fy97gb68lkxt0jk1kyw0000gn/T/npm-31656-j8Tr6XSV/1401718370892-0.7739800591953099/tmp.tgz
37 silly lockFile bc975c36-npm-firebase-tools-1-0-4-package tar:///Users/katherinemattison/.npm/firebase-tools/1.0.4/package
38 verbose lock tar:///Users/katherinemattison/.npm/firebase-tools/1.0.4/package /Users/katherinemattison/.npm/bc975c36-npm-firebase-tools-1-0-4-package.lock
39 silly lockFile 33da7150-70892-0-7739800591953099-tmp-tgz tar:///var/folders/n9/dh6c3fy97gb68lkxt0jk1kyw0000gn/T/npm-31656-j8Tr6XSV/1401718370892-0.7739800591953099/tmp.tgz
40 verbose lock tar:///var/folders/n9/dh6c3fy97gb68lkxt0jk1kyw0000gn/T/npm-31656-j8Tr6XSV/1401718370892-0.7739800591953099/tmp.tgz /Users/katherinemattison/.npm/33da7150-70892-0-7739800591953099-tmp-tgz.lock
41 silly gunzTarPerm modes [ '755', '644' ]
42 silly gunzTarPerm extractEntry package.json
43 silly gunzTarPerm extractEntry .npmignore
44 silly gunzTarPerm extractEntry README.md
45 silly gunzTarPerm extractEntry bin/firebase
46 silly gunzTarPerm extractEntry lib/api.js
47 silly gunzTarPerm extractEntry lib/app.js
48 silly gunzTarPerm extractEntry lib/auth.js
49 silly gunzTarPerm extractEntry lib/firebase.js
50 silly gunzTarPerm extractEntry lib/help.js
51 silly gunzTarPerm extractEntry lib/upload.js
52 silly lockFile bc975c36-npm-firebase-tools-1-0-4-package tar:///Users/katherinemattison/.npm/firebase-tools/1.0.4/package
53 silly lockFile bc975c36-npm-firebase-tools-1-0-4-package tar:///Users/katherinemattison/.npm/firebase-tools/1.0.4/package
54 silly lockFile 33da7150-70892-0-7739800591953099-tmp-tgz tar:///var/folders/n9/dh6c3fy97gb68lkxt0jk1kyw0000gn/T/npm-31656-j8Tr6XSV/1401718370892-0.7739800591953099/tmp.tgz
55 silly lockFile 33da7150-70892-0-7739800591953099-tmp-tgz tar:///var/folders/n9/dh6c3fy97gb68lkxt0jk1kyw0000gn/T/npm-31656-j8Tr6XSV/1401718370892-0.7739800591953099/tmp.tgz
56 silly lockFile d352e380-e-tools-firebase-tools-1-0-4-tgz https://registry.npmjs.org/firebase-tools/-/firebase-tools-1.0.4.tgz
57 silly lockFile d352e380-e-tools-firebase-tools-1-0-4-tgz https://registry.npmjs.org/firebase-tools/-/firebase-tools-1.0.4.tgz
58 silly lockFile 6f739c22-firebase-tools-1-0-4 firebase-tools@1.0.4
59 silly lockFile 6f739c22-firebase-tools-1-0-4 firebase-tools@1.0.4
60 silly lockFile 59c4bcc4-firebase-tools firebase-tools@
61 silly lockFile 59c4bcc4-firebase-tools firebase-tools@
62 silly resolved [ { name: 'firebase-tools',
62 silly resolved     preferGlobal: true,
62 silly resolved     version: '1.0.4',
62 silly resolved     description: 'The Firebase Command Line Tools',
62 silly resolved     keywords: [ 'firebase' ],
62 silly resolved     author: { name: 'Firebase', email: 'support@firebase.com' },
62 silly resolved     contributors: [ [Object], [Object], [Object] ],
62 silly resolved     repository:
62 silly resolved      { type: 'git',
62 silly resolved        url: 'https://github.com/firebase/firebase-tools.git' },
62 silly resolved     homepage: 'https://github.com/firebase/firebase-tools',
62 silly resolved     dependencies:
62 silly resolved      { optimist: '0.6.x',
62 silly resolved        prompt: '0.2.x',
62 silly resolved        tar: '0.1.x',
62 silly resolved        open: '0.0.x',
62 silly resolved        request: '2.34.x',
62 silly resolved        'fstream-ignore': '0.0.x',
62 silly resolved        temp: '0.6.x',
62 silly resolved        firebase: '~1.0.11',
62 silly resolved        progress: '~1.1.5',
62 silly resolved        when: '3.1.0',
62 silly resolved        chalk: '~0.4.0' },
62 silly resolved     bin: { firebase: './bin/firebase' },
62 silly resolved     engines: { node: '>=0.10.0' },
62 silly resolved     engineStrict: true,
62 silly resolved     readme: 'firebase-tools\n============\n\nThese are the Firebase Command Line Tools. They can be used to: \n* Administer your Firebase account\n* Interact with [Firebase Hosting](https://www.firebase.com/hosting.html), our product to host your HTML, JS, images, etc.\n\nFor a quick start guide, see https://www.firebase.com/docs/hosting.html\n\n\n## Installation\nTo install, first you\'ll need to [sign up](https://www.firebase.com/signup/) for\na Firebase account and have installed [Node.js](http://nodejs.org/) and\n[npm](https://npmjs.org/). Then run\n```shell\nnpm install -g firebase-tools\n```\nThis will install the globally accessible command `firebase`\n## Commands\nThe command `firebase --help` lists the available commands and\n`firebase <command> --help` shows more details.\n\n```shell\nUsage: firebase <command>\n\n  Available commands are:\n\n  bootstrap\n    Creates a new Firebase powered app from a prebuilt template to quickly\n    get a project up and running. This creates a new folder and prompts\n    you through all the required settings.\n\n  deploy\n    Deploys the current app to Firebase Hosting and creates your subdomain on\n    firebaseapp.com if it doesn\'t exist already.\n\n  init\n    Initializes an existing Firebase app in the current directory and prompts\n    you through configuring it for firebaseapp.com.\n\n  open\n    Opens the URL of the current Firebase app in a browser.\n\n  list\n    Lists the Firebases available to the currently logged in user.\n\n  login\n    Logs the user into Firebase. All commands that require login will prompt\n    you if you\'re not currently logged in.\n\n  logout\n    Logs the user out of Firebase.\n\n  -h, --help\n    Shows this help screen. Use `firebase <command> --help` for more detailed\n    help instructions.\n\n  -v, --version\n    Displays the current version.\n```\n\n## Credit\nInspired by [Luke Vivier](https://github.com/lvivier)\'s Firebase command line tools.\n\nLicense\n-------\n[MIT](http://firebase.mit-license.org)\n',
62 silly resolved     readmeFilename: 'README.md',
62 silly resolved     bugs: { url: 'https://github.com/firebase/firebase-tools/issues' },
62 silly resolved     _id: 'firebase-tools@1.0.4',
62 silly resolved     _shasum: '9c68dcfa67a1ff2c40ce5e95cd3eb74a215962fa',
62 silly resolved     _from: 'firebase-tools@',
62 silly resolved     _resolved: 'https://registry.npmjs.org/firebase-tools/-/firebase-tools-1.0.4.tgz' } ]
63 info install firebase-tools@1.0.4 into /usr/local/lib
64 info installOne firebase-tools@1.0.4
65 info /usr/local/lib/node_modules/firebase-tools unbuild
66 verbose tar unpack /Users/katherinemattison/.npm/firebase-tools/1.0.4/package.tgz
67 silly lockFile 7e3d5d18--lib-node-modules-firebase-tools tar:///usr/local/lib/node_modules/firebase-tools
68 verbose lock tar:///usr/local/lib/node_modules/firebase-tools /Users/katherinemattison/.npm/7e3d5d18--lib-node-modules-firebase-tools.lock
69 silly lockFile e8cd2056-firebase-tools-1-0-4-package-tgz tar:///Users/katherinemattison/.npm/firebase-tools/1.0.4/package.tgz
70 verbose lock tar:///Users/katherinemattison/.npm/firebase-tools/1.0.4/package.tgz /Users/katherinemattison/.npm/e8cd2056-firebase-tools-1-0-4-package-tgz.lock
71 silly gunzTarPerm modes [ '755', '644' ]
72 error Error: EACCES, mkdir '/usr/local/lib/node_modules/firebase-tools'
72 error  { [Error: EACCES, mkdir '/usr/local/lib/node_modules/firebase-tools']
72 error   errno: 3,
72 error   code: 'EACCES',
72 error   path: '/usr/local/lib/node_modules/firebase-tools',
72 error   fstream_type: 'Directory',
72 error   fstream_path: '/usr/local/lib/node_modules/firebase-tools',
72 error   fstream_class: 'DirWriter',
72 error   fstream_stack:
72 error    [ '/usr/local/lib/node_modules/npm/node_modules/fstream/lib/dir-writer.js:36:23',
72 error      '/usr/local/lib/node_modules/npm/node_modules/mkdirp/index.js:37:53',
72 error      'Object.oncomplete (fs.js:107:15)' ] }
73 error Please try running this command again as root/Administrator.
74 error System Darwin 13.2.0
75 error command "node" "/usr/local/bin/npm" "install" "-g" "firebase-tools"
76 error cwd /Users/katherinemattison/Documents/reposits/angularfire
77 error node -v v0.10.28
78 error npm -v 1.4.9
79 error path /usr/local/lib/node_modules/firebase-tools
80 error fstream_path /usr/local/lib/node_modules/firebase-tools
81 error fstream_type Directory
82 error fstream_class DirWriter
83 error code EACCES
84 error errno 3
85 error stack Error: EACCES, mkdir '/usr/local/lib/node_modules/firebase-tools'
86 error fstream_stack /usr/local/lib/node_modules/npm/node_modules/fstream/lib/dir-writer.js:36:23
86 error fstream_stack /usr/local/lib/node_modules/npm/node_modules/mkdirp/index.js:37:53
86 error fstream_stack Object.oncomplete (fs.js:107:15)
87 verbose exit [ 3, true ]
